<?xml version="1.0" encoding="UTF-8"?>
<testsuite name="testCases.LoginTodoLy" tests="1" skipped="0" failures="0" errors="0" timestamp="2021-09-04T16:15:47" hostname="DESKTOP-JFV3AB7" time="23.771">
  <properties/>
  <testcase name="verifyTheLogin()" classname="testCases.LoginTodoLy" time="23.771"/>
  <system-out><![CDATA[]]></system-out>
  <system-err><![CDATA[sep 04, 2021 11:15:47 AM org.openqa.selenium.remote.DesiredCapabilities chrome
INFORMACIÓN: Using `new ChromeOptions()` is preferred to `DesiredCapabilities.chrome()`
Starting ChromeDriver 92.0.4515.43 (8c61b7e2989f2990d42f859cac71319137787cce-refs/branch-heads/4515@{#306}) on port 23434
Only local connections are allowed.
Please see https://chromedriver.chromium.org/security-considerations for suggestions on keeping ChromeDriver safe.
ChromeDriver was started successfully.
sep 04, 2021 11:15:48 AM org.openqa.selenium.remote.ProtocolHandshake createSession
INFORMACIÓN: Detected dialect: W3C
]]></system-err>
</testsuite>
